/primary_microphone/si_dt/c31/c31c0201
/primary_microphone/si_dt/c31/c31c0202
/primary_microphone/si_dt/c31/c31c0203
/primary_microphone/si_dt/c31/c31c0204
/primary_microphone/si_dt/c31/c31c0206
/primary_microphone/si_dt/c31/c31c0207
/primary_microphone/si_dt/c31/c31c0208
/primary_microphone/si_dt/c31/c31c0209
/primary_microphone/si_dt/c31/c31c020a
/primary_microphone/si_dt/c31/c31c020b
/primary_microphone/si_dt/c31/c31c020c
/primary_microphone/si_dt/c31/c31c020d
/primary_microphone/si_dt/c31/c31c020e
/primary_microphone/si_dt/c31/c31c020f
/primary_microphone/si_dt/c31/c31c020g
/primary_microphone/si_dt/c31/c31c020h
/primary_microphone/si_dt/c31/c31c020j
/primary_microphone/si_dt/c31/c31c020k
/primary_microphone/si_dt/c34/c34c0201
/primary_microphone/si_dt/c34/c34c0202
/primary_microphone/si_dt/c34/c34c0203
/primary_microphone/si_dt/c34/c34c0204
/primary_microphone/si_dt/c34/c34c0205
/primary_microphone/si_dt/c34/c34c0206
/primary_microphone/si_dt/c34/c34c0207
/primary_microphone/si_dt/c34/c34c0208
/primary_microphone/si_dt/c34/c34c0209
/primary_microphone/si_dt/c34/c34c020a
/primary_microphone/si_dt/c34/c34c020b
/primary_microphone/si_dt/c34/c34c020c
/primary_microphone/si_dt/c34/c34c020d
/primary_microphone/si_dt/c34/c34c020e
/primary_microphone/si_dt/c34/c34c020f
/primary_microphone/si_dt/c34/c34c020g
/primary_microphone/si_dt/c34/c34c020h
/primary_microphone/si_dt/c34/c34c020i
/primary_microphone/si_dt/c34/c34c020j
/primary_microphone/si_dt/c34/c34c020k
/primary_microphone/si_dt/c35/c35c0201
/primary_microphone/si_dt/c35/c35c0202
/primary_microphone/si_dt/c35/c35c0203
/primary_microphone/si_dt/c35/c35c0204
/primary_microphone/si_dt/c35/c35c0205
/primary_microphone/si_dt/c35/c35c0206
/primary_microphone/si_dt/c35/c35c0207
/primary_microphone/si_dt/c35/c35c0208
/primary_microphone/si_dt/c35/c35c0209
/primary_microphone/si_dt/c35/c35c020a
/primary_microphone/si_dt/c35/c35c020b
/primary_microphone/si_dt/c35/c35c020c
/primary_microphone/si_dt/c35/c35c020d
/primary_microphone/si_dt/c35/c35c020e
/primary_microphone/si_dt/c35/c35c020f
/primary_microphone/si_dt/c35/c35c020g
/primary_microphone/si_dt/c35/c35c020h
/primary_microphone/si_dt/c35/c35c020i
/primary_microphone/si_dt/c35/c35c020j
/primary_microphone/si_dt/c38/c38c0201
/primary_microphone/si_dt/c38/c38c0202
/primary_microphone/si_dt/c38/c38c0203
/primary_microphone/si_dt/c38/c38c0204
/primary_microphone/si_dt/c38/c38c0205
/primary_microphone/si_dt/c38/c38c0206
/primary_microphone/si_dt/c38/c38c0207
/primary_microphone/si_dt/c38/c38c0208
/primary_microphone/si_dt/c38/c38c0209
/primary_microphone/si_dt/c38/c38c020b
/primary_microphone/si_dt/c38/c38c020c
/primary_microphone/si_dt/c38/c38c020d
/primary_microphone/si_dt/c38/c38c020e
/primary_microphone/si_dt/c38/c38c020f
/primary_microphone/si_dt/c38/c38c020g
/primary_microphone/si_dt/c38/c38c020h
/primary_microphone/si_dt/c38/c38c020i
/primary_microphone/si_dt/c38/c38c020j
/primary_microphone/si_dt/c3c/c3cc0201
/primary_microphone/si_dt/c3c/c3cc0202
/primary_microphone/si_dt/c3c/c3cc0203
/primary_microphone/si_dt/c3c/c3cc0204
/primary_microphone/si_dt/c3c/c3cc0205
/primary_microphone/si_dt/c3c/c3cc0206
/primary_microphone/si_dt/c3c/c3cc0207
/primary_microphone/si_dt/c3c/c3cc0208
/primary_microphone/si_dt/c3c/c3cc0209
/primary_microphone/si_dt/c3c/c3cc020a
/primary_microphone/si_dt/c3c/c3cc020b
/primary_microphone/si_dt/c3c/c3cc020c
/primary_microphone/si_dt/c3c/c3cc020d
/primary_microphone/si_dt/c3c/c3cc020e
/primary_microphone/si_dt/c3c/c3cc020f
/primary_microphone/si_dt/c3c/c3cc020g
/primary_microphone/si_dt/c3c/c3cc020h
/primary_microphone/si_dt/c3c/c3cc020i
/primary_microphone/si_dt/c3c/c3cc020j
/primary_microphone/si_dt/c3d/c3dc0201
/primary_microphone/si_dt/c3d/c3dc0202
/primary_microphone/si_dt/c3d/c3dc0203
/primary_microphone/si_dt/c3d/c3dc0204
/primary_microphone/si_dt/c3d/c3dc0205
/primary_microphone/si_dt/c3d/c3dc0206
/primary_microphone/si_dt/c3d/c3dc0207
/primary_microphone/si_dt/c3d/c3dc0208
/primary_microphone/si_dt/c3d/c3dc0209
/primary_microphone/si_dt/c3d/c3dc020a
/primary_microphone/si_dt/c3d/c3dc020b
/primary_microphone/si_dt/c3d/c3dc020c
/primary_microphone/si_dt/c3d/c3dc020d
/primary_microphone/si_dt/c3d/c3dc020e
/primary_microphone/si_dt/c3d/c3dc020f
/primary_microphone/si_dt/c3d/c3dc020g
/primary_microphone/si_dt/c3d/c3dc020h
/primary_microphone/si_dt/c3d/c3dc020i
/primary_microphone/si_dt/c3d/c3dc020j
/primary_microphone/si_dt/c3d/c3dc020k
/primary_microphone/si_dt/c3f/c3fc0201
/primary_microphone/si_dt/c3f/c3fc0202
/primary_microphone/si_dt/c3f/c3fc0203
/primary_microphone/si_dt/c3f/c3fc0204
/primary_microphone/si_dt/c3f/c3fc0205
/primary_microphone/si_dt/c3f/c3fc0206
/primary_microphone/si_dt/c3f/c3fc0207
/primary_microphone/si_dt/c3f/c3fc0208
/primary_microphone/si_dt/c3f/c3fc0209
/primary_microphone/si_dt/c3f/c3fc020a
/primary_microphone/si_dt/c3f/c3fc020b
/primary_microphone/si_dt/c3f/c3fc020c
/primary_microphone/si_dt/c3f/c3fc020d
/primary_microphone/si_dt/c3f/c3fc020e
/primary_microphone/si_dt/c3f/c3fc020f
/primary_microphone/si_dt/c3f/c3fc020g
/primary_microphone/si_dt/c3f/c3fc020h
/primary_microphone/si_dt/c3j/c3jc0201
/primary_microphone/si_dt/c3j/c3jc0202
/primary_microphone/si_dt/c3j/c3jc0203
/primary_microphone/si_dt/c3j/c3jc0204
/primary_microphone/si_dt/c3j/c3jc0205
/primary_microphone/si_dt/c3j/c3jc0206
/primary_microphone/si_dt/c3j/c3jc0207
/primary_microphone/si_dt/c3j/c3jc0208
/primary_microphone/si_dt/c3j/c3jc0209
/primary_microphone/si_dt/c3j/c3jc020a
/primary_microphone/si_dt/c3j/c3jc020b
/primary_microphone/si_dt/c3j/c3jc020c
/primary_microphone/si_dt/c3j/c3jc020d
/primary_microphone/si_dt/c3j/c3jc020e
/primary_microphone/si_dt/c3j/c3jc020f
/primary_microphone/si_dt/c3j/c3jc020g
/primary_microphone/si_dt/c3j/c3jc020h
/primary_microphone/si_dt/c3j/c3jc020i
/primary_microphone/si_dt/c3j/c3jc020j
/primary_microphone/si_dt/c3k/c3kc0201
/primary_microphone/si_dt/c3k/c3kc0202
/primary_microphone/si_dt/c3k/c3kc0203
/primary_microphone/si_dt/c3k/c3kc0204
/primary_microphone/si_dt/c3k/c3kc0205
/primary_microphone/si_dt/c3k/c3kc0206
/primary_microphone/si_dt/c3k/c3kc0207
/primary_microphone/si_dt/c3k/c3kc0209
/primary_microphone/si_dt/c3k/c3kc020a
/primary_microphone/si_dt/c3k/c3kc020b
/primary_microphone/si_dt/c3k/c3kc020d
/primary_microphone/si_dt/c3k/c3kc020e
/primary_microphone/si_dt/c3k/c3kc020g
/primary_microphone/si_dt/c3k/c3kc020h
/primary_microphone/si_dt/c3k/c3kc020i
/primary_microphone/si_dt/c3k/c3kc020j
/primary_microphone/si_dt/c3l/c3lc0201
/primary_microphone/si_dt/c3l/c3lc0202
/primary_microphone/si_dt/c3l/c3lc0203
/primary_microphone/si_dt/c3l/c3lc0204
/primary_microphone/si_dt/c3l/c3lc0205
/primary_microphone/si_dt/c3l/c3lc0206
/primary_microphone/si_dt/c3l/c3lc0207
/primary_microphone/si_dt/c3l/c3lc0208
/primary_microphone/si_dt/c3l/c3lc0209
/primary_microphone/si_dt/c3l/c3lc020a
/primary_microphone/si_dt/c3l/c3lc020b
/primary_microphone/si_dt/c3l/c3lc020c
/primary_microphone/si_dt/c3l/c3lc020f
/primary_microphone/si_dt/c3l/c3lc020g
/primary_microphone/si_dt/c3l/c3lc020h
/primary_microphone/si_dt/c3l/c3lc020i
/primary_microphone/si_dt/c3l/c3lc020j
/primary_microphone/si_dt/c3p/c3pc0201
/primary_microphone/si_dt/c3p/c3pc0203
/primary_microphone/si_dt/c3p/c3pc0204
/primary_microphone/si_dt/c3p/c3pc0205
/primary_microphone/si_dt/c3p/c3pc0206
/primary_microphone/si_dt/c3p/c3pc0207
/primary_microphone/si_dt/c3p/c3pc0208
/primary_microphone/si_dt/c3p/c3pc0209
/primary_microphone/si_dt/c3p/c3pc020a
/primary_microphone/si_dt/c3p/c3pc020b
/primary_microphone/si_dt/c3p/c3pc020c
/primary_microphone/si_dt/c3p/c3pc020d
/primary_microphone/si_dt/c3p/c3pc020e
/primary_microphone/si_dt/c3p/c3pc020f
/primary_microphone/si_dt/c3p/c3pc020g
/primary_microphone/si_dt/c3p/c3pc020h
/primary_microphone/si_dt/c3p/c3pc020i
/primary_microphone/si_dt/c3p/c3pc020j
/primary_microphone/si_dt/c3s/c3sc0201
/primary_microphone/si_dt/c3s/c3sc0202
/primary_microphone/si_dt/c3s/c3sc0203
/primary_microphone/si_dt/c3s/c3sc0204
/primary_microphone/si_dt/c3s/c3sc0205
/primary_microphone/si_dt/c3s/c3sc0206
/primary_microphone/si_dt/c3s/c3sc0207
/primary_microphone/si_dt/c3s/c3sc0208
/primary_microphone/si_dt/c3s/c3sc0209
/primary_microphone/si_dt/c3s/c3sc020a
/primary_microphone/si_dt/c3s/c3sc020b
/primary_microphone/si_dt/c3s/c3sc020c
/primary_microphone/si_dt/c3s/c3sc020d
/primary_microphone/si_dt/c3s/c3sc020e
/primary_microphone/si_dt/c3s/c3sc020f
/primary_microphone/si_dt/c3s/c3sc020g
/primary_microphone/si_dt/c3s/c3sc020h
/primary_microphone/si_dt/c3s/c3sc020i
/primary_microphone/si_dt/c3s/c3sc020j
/primary_microphone/si_dt/c3t/c3tc0201
/primary_microphone/si_dt/c3t/c3tc0202
/primary_microphone/si_dt/c3t/c3tc0203
/primary_microphone/si_dt/c3t/c3tc0204
/primary_microphone/si_dt/c3t/c3tc0205
/primary_microphone/si_dt/c3t/c3tc0206
/primary_microphone/si_dt/c3t/c3tc0207
/primary_microphone/si_dt/c3t/c3tc0208
/primary_microphone/si_dt/c3t/c3tc0209
/primary_microphone/si_dt/c3t/c3tc020a
/primary_microphone/si_dt/c3t/c3tc020b
/primary_microphone/si_dt/c3t/c3tc020c
/primary_microphone/si_dt/c3t/c3tc020d
/primary_microphone/si_dt/c3t/c3tc020e
/primary_microphone/si_dt/c3t/c3tc020f
/primary_microphone/si_dt/c3t/c3tc020g
/primary_microphone/si_dt/c3t/c3tc020h
/primary_microphone/si_dt/c3t/c3tc020i
/primary_microphone/si_dt/c3t/c3tc020j
/primary_microphone/si_dt/c3w/c3wc0201
/primary_microphone/si_dt/c3w/c3wc0202
/primary_microphone/si_dt/c3w/c3wc0203
/primary_microphone/si_dt/c3w/c3wc0204
/primary_microphone/si_dt/c3w/c3wc0205
/primary_microphone/si_dt/c3w/c3wc0206
/primary_microphone/si_dt/c3w/c3wc0207
/primary_microphone/si_dt/c3w/c3wc0208
/primary_microphone/si_dt/c3w/c3wc0209
/primary_microphone/si_dt/c3w/c3wc020a
/primary_microphone/si_dt/c3w/c3wc020b
/primary_microphone/si_dt/c3w/c3wc020c
/primary_microphone/si_dt/c3w/c3wc020d
/primary_microphone/si_dt/c3w/c3wc020e
/primary_microphone/si_dt/c3w/c3wc020f
/primary_microphone/si_dt/c3w/c3wc020g
/primary_microphone/si_dt/c3w/c3wc020h
/primary_microphone/si_dt/c3z/c3zc0201
/primary_microphone/si_dt/c3z/c3zc0202
/primary_microphone/si_dt/c3z/c3zc0203
/primary_microphone/si_dt/c3z/c3zc0204
/primary_microphone/si_dt/c3z/c3zc0205
/primary_microphone/si_dt/c3z/c3zc0206
/primary_microphone/si_dt/c3z/c3zc0208
/primary_microphone/si_dt/c3z/c3zc0209
/primary_microphone/si_dt/c3z/c3zc020a
/primary_microphone/si_dt/c3z/c3zc020b
/primary_microphone/si_dt/c3z/c3zc020c
/primary_microphone/si_dt/c3z/c3zc020d
/primary_microphone/si_dt/c3z/c3zc020e
/primary_microphone/si_dt/c3z/c3zc020f
/primary_microphone/si_dt/c3z/c3zc020g
/primary_microphone/si_dt/c3z/c3zc020h
/primary_microphone/si_dt/c3z/c3zc020i
/primary_microphone/si_dt/c3z/c3zc020j
/primary_microphone/si_dt/c3z/c3zc020k
/primary_microphone/si_dt/c40/c40c0201
/primary_microphone/si_dt/c40/c40c0202
/primary_microphone/si_dt/c40/c40c0203
/primary_microphone/si_dt/c40/c40c0204
/primary_microphone/si_dt/c40/c40c0205
/primary_microphone/si_dt/c40/c40c0206
/primary_microphone/si_dt/c40/c40c0207
/primary_microphone/si_dt/c40/c40c0208
/primary_microphone/si_dt/c40/c40c0209
/primary_microphone/si_dt/c40/c40c020a
/primary_microphone/si_dt/c40/c40c020b
/primary_microphone/si_dt/c40/c40c020c
/primary_microphone/si_dt/c40/c40c020d
/primary_microphone/si_dt/c40/c40c020e
/primary_microphone/si_dt/c40/c40c020f
/primary_microphone/si_dt/c40/c40c020g
/primary_microphone/si_dt/c40/c40c020h
/primary_microphone/si_dt/c40/c40c020i
/primary_microphone/si_dt/c40/c40c020j
/primary_microphone/si_dt/c41/c41c0201
/primary_microphone/si_dt/c41/c41c0202
/primary_microphone/si_dt/c41/c41c0203
/primary_microphone/si_dt/c41/c41c0204
/primary_microphone/si_dt/c41/c41c0205
/primary_microphone/si_dt/c41/c41c0206
/primary_microphone/si_dt/c41/c41c0207
/primary_microphone/si_dt/c41/c41c0208
/primary_microphone/si_dt/c41/c41c0209
/primary_microphone/si_dt/c41/c41c020a
/primary_microphone/si_dt/c41/c41c020b
/primary_microphone/si_dt/c41/c41c020c
/primary_microphone/si_dt/c41/c41c020d
/primary_microphone/si_dt/c41/c41c020e
/primary_microphone/si_dt/c41/c41c020f
/primary_microphone/si_dt/c41/c41c020g
/primary_microphone/si_dt/c41/c41c020h
/primary_microphone/si_dt/c41/c41c020i
/primary_microphone/si_dt/c41/c41c020j
/primary_microphone/si_dt/c42/c42c0201
/primary_microphone/si_dt/c42/c42c0202
/primary_microphone/si_dt/c42/c42c0203
/primary_microphone/si_dt/c42/c42c0204
/primary_microphone/si_dt/c42/c42c0205
/primary_microphone/si_dt/c42/c42c0206
/primary_microphone/si_dt/c42/c42c0207
/primary_microphone/si_dt/c42/c42c0208
/primary_microphone/si_dt/c42/c42c0209
/primary_microphone/si_dt/c42/c42c020a
/primary_microphone/si_dt/c42/c42c020b
/primary_microphone/si_dt/c42/c42c020c
/primary_microphone/si_dt/c42/c42c020d
/primary_microphone/si_dt/c42/c42c020e
/primary_microphone/si_dt/c42/c42c020f
/primary_microphone/si_dt/c42/c42c020g
/primary_microphone/si_dt/c42/c42c020h
/primary_microphone/si_dt/c42/c42c020i
/primary_microphone/si_dt/c42/c42c020j
/primary_microphone/si_dt/c45/c45c0201
/primary_microphone/si_dt/c45/c45c0202
/primary_microphone/si_dt/c45/c45c0203
/primary_microphone/si_dt/c45/c45c0204
/primary_microphone/si_dt/c45/c45c0205
/primary_microphone/si_dt/c45/c45c0206
/primary_microphone/si_dt/c45/c45c0207
/primary_microphone/si_dt/c45/c45c0208
/primary_microphone/si_dt/c45/c45c0209
/primary_microphone/si_dt/c45/c45c020a
/primary_microphone/si_dt/c45/c45c020b
/primary_microphone/si_dt/c45/c45c020c
/primary_microphone/si_dt/c45/c45c020d
/primary_microphone/si_dt/c45/c45c020e
/primary_microphone/si_dt/c45/c45c020f
/primary_microphone/si_dt/c45/c45c020g
/primary_microphone/si_dt/c45/c45c020h
/primary_microphone/si_dt/c45/c45c020i
/primary_microphone/si_dt/c45/c45c020j
/primary_microphone/si_dt/c49/c49c0201
/primary_microphone/si_dt/c49/c49c0203
/primary_microphone/si_dt/c49/c49c0204
/primary_microphone/si_dt/c49/c49c0205
/primary_microphone/si_dt/c49/c49c0206
/primary_microphone/si_dt/c49/c49c0207
/primary_microphone/si_dt/c49/c49c0208
/primary_microphone/si_dt/c49/c49c0209
/primary_microphone/si_dt/c49/c49c020a
/primary_microphone/si_dt/c49/c49c020b
/primary_microphone/si_dt/c49/c49c020c
/primary_microphone/si_dt/c49/c49c020d
/primary_microphone/si_dt/c49/c49c020e
/primary_microphone/si_dt/c49/c49c020f
/primary_microphone/si_dt/c49/c49c020g
/primary_microphone/si_dt/c49/c49c020h
/primary_microphone/si_dt/c49/c49c020i
