/secondary_microphone/si_et_2/c36/c36c0201
/secondary_microphone/si_et_2/c36/c36c0202
/secondary_microphone/si_et_2/c36/c36c0203
/secondary_microphone/si_et_2/c36/c36c0204
/secondary_microphone/si_et_2/c36/c36c0205
/secondary_microphone/si_et_2/c36/c36c0206
/secondary_microphone/si_et_2/c36/c36c0207
/secondary_microphone/si_et_2/c36/c36c0208
/secondary_microphone/si_et_2/c36/c36c0209
/secondary_microphone/si_et_2/c36/c36c020a
/secondary_microphone/si_et_2/c36/c36c020b
/secondary_microphone/si_et_2/c36/c36c020c
/secondary_microphone/si_et_2/c36/c36c020d
/secondary_microphone/si_et_2/c36/c36c020e
/secondary_microphone/si_et_2/c36/c36c020f
/secondary_microphone/si_et_2/c36/c36c020g
/secondary_microphone/si_et_2/c36/c36c020h
/secondary_microphone/si_et_2/c36/c36c020i
/secondary_microphone/si_et_2/c36/c36c020j
/secondary_microphone/si_et_2/c36/c36c020k
/secondary_microphone/si_et_2/c36/c36c020l
/secondary_microphone/si_et_2/c36/c36c020m
/secondary_microphone/si_et_2/c36/c36c020n
/secondary_microphone/si_et_2/c36/c36c020o
/secondary_microphone/si_et_2/c36/c36c020p
/secondary_microphone/si_et_2/c36/c36c020q
/secondary_microphone/si_et_2/c36/c36c020r
/secondary_microphone/si_et_2/c36/c36c020s
/secondary_microphone/si_et_2/c36/c36c020t
/secondary_microphone/si_et_2/c36/c36c020u
/secondary_microphone/si_et_2/c36/c36c020v
/secondary_microphone/si_et_2/c36/c36c020w
/secondary_microphone/si_et_2/c36/c36c020x
/secondary_microphone/si_et_2/c36/c36c020y
/secondary_microphone/si_et_2/c36/c36c020z
/secondary_microphone/si_et_2/c36/c36c0210
/secondary_microphone/si_et_2/c36/c36c0211
/secondary_microphone/si_et_2/c36/c36c0212
/secondary_microphone/si_et_2/c36/c36c0213
/secondary_microphone/si_et_2/c3a/c3ac0201
/secondary_microphone/si_et_2/c3a/c3ac0202
/secondary_microphone/si_et_2/c3a/c3ac0203
/secondary_microphone/si_et_2/c3a/c3ac0204
/secondary_microphone/si_et_2/c3a/c3ac0205
/secondary_microphone/si_et_2/c3a/c3ac0206
/secondary_microphone/si_et_2/c3a/c3ac0207
/secondary_microphone/si_et_2/c3a/c3ac0208
/secondary_microphone/si_et_2/c3a/c3ac0209
/secondary_microphone/si_et_2/c3a/c3ac020a
/secondary_microphone/si_et_2/c3a/c3ac020b
/secondary_microphone/si_et_2/c3a/c3ac020c
/secondary_microphone/si_et_2/c3a/c3ac020d
/secondary_microphone/si_et_2/c3a/c3ac020e
/secondary_microphone/si_et_2/c3a/c3ac020f
/secondary_microphone/si_et_2/c3a/c3ac020g
/secondary_microphone/si_et_2/c3a/c3ac020h
/secondary_microphone/si_et_2/c3a/c3ac020i
/secondary_microphone/si_et_2/c3a/c3ac020j
/secondary_microphone/si_et_2/c3a/c3ac020k
/secondary_microphone/si_et_2/c3a/c3ac020l
/secondary_microphone/si_et_2/c3a/c3ac020m
/secondary_microphone/si_et_2/c3a/c3ac020n
/secondary_microphone/si_et_2/c3a/c3ac020o
/secondary_microphone/si_et_2/c3a/c3ac020p
/secondary_microphone/si_et_2/c3a/c3ac020q
/secondary_microphone/si_et_2/c3a/c3ac020r
/secondary_microphone/si_et_2/c3a/c3ac020s
/secondary_microphone/si_et_2/c3a/c3ac020t
/secondary_microphone/si_et_2/c3a/c3ac020u
/secondary_microphone/si_et_2/c3a/c3ac020v
/secondary_microphone/si_et_2/c3a/c3ac020w
/secondary_microphone/si_et_2/c3a/c3ac020x
/secondary_microphone/si_et_2/c3a/c3ac020y
/secondary_microphone/si_et_2/c3a/c3ac020z
/secondary_microphone/si_et_2/c3a/c3ac0210
/secondary_microphone/si_et_2/c3a/c3ac0211
/secondary_microphone/si_et_2/c3a/c3ac0212
/secondary_microphone/si_et_2/c3a/c3ac0213
/secondary_microphone/si_et_2/c3a/c3ac0214
/secondary_microphone/si_et_2/c3e/c3ec0201
/secondary_microphone/si_et_2/c3e/c3ec0202
/secondary_microphone/si_et_2/c3e/c3ec0203
/secondary_microphone/si_et_2/c3e/c3ec0204
/secondary_microphone/si_et_2/c3e/c3ec0205
/secondary_microphone/si_et_2/c3e/c3ec0206
/secondary_microphone/si_et_2/c3e/c3ec0207
/secondary_microphone/si_et_2/c3e/c3ec0208
/secondary_microphone/si_et_2/c3e/c3ec0209
/secondary_microphone/si_et_2/c3e/c3ec020a
/secondary_microphone/si_et_2/c3e/c3ec020b
/secondary_microphone/si_et_2/c3e/c3ec020c
/secondary_microphone/si_et_2/c3e/c3ec020d
/secondary_microphone/si_et_2/c3e/c3ec020e
/secondary_microphone/si_et_2/c3e/c3ec020f
/secondary_microphone/si_et_2/c3e/c3ec020g
/secondary_microphone/si_et_2/c3e/c3ec020h
/secondary_microphone/si_et_2/c3e/c3ec020i
/secondary_microphone/si_et_2/c3e/c3ec020j
/secondary_microphone/si_et_2/c3e/c3ec020k
/secondary_microphone/si_et_2/c3e/c3ec020l
/secondary_microphone/si_et_2/c3e/c3ec020m
/secondary_microphone/si_et_2/c3e/c3ec020n
/secondary_microphone/si_et_2/c3e/c3ec020o
/secondary_microphone/si_et_2/c3e/c3ec020p
/secondary_microphone/si_et_2/c3e/c3ec020q
/secondary_microphone/si_et_2/c3e/c3ec020r
/secondary_microphone/si_et_2/c3e/c3ec020s
/secondary_microphone/si_et_2/c3e/c3ec020t
/secondary_microphone/si_et_2/c3e/c3ec020u
/secondary_microphone/si_et_2/c3e/c3ec020v
/secondary_microphone/si_et_2/c3e/c3ec020w
/secondary_microphone/si_et_2/c3e/c3ec020x
/secondary_microphone/si_et_2/c3e/c3ec020y
/secondary_microphone/si_et_2/c3e/c3ec0210
/secondary_microphone/si_et_2/c3e/c3ec0211
/secondary_microphone/si_et_2/c3e/c3ec0212
/secondary_microphone/si_et_2/c3g/c3gc0201
/secondary_microphone/si_et_2/c3g/c3gc0202
/secondary_microphone/si_et_2/c3g/c3gc0203
/secondary_microphone/si_et_2/c3g/c3gc0204
/secondary_microphone/si_et_2/c3g/c3gc0205
/secondary_microphone/si_et_2/c3g/c3gc0206
/secondary_microphone/si_et_2/c3g/c3gc0207
/secondary_microphone/si_et_2/c3g/c3gc0208
/secondary_microphone/si_et_2/c3g/c3gc0209
/secondary_microphone/si_et_2/c3g/c3gc020a
/secondary_microphone/si_et_2/c3g/c3gc020b
/secondary_microphone/si_et_2/c3g/c3gc020c
/secondary_microphone/si_et_2/c3g/c3gc020d
/secondary_microphone/si_et_2/c3g/c3gc020e
/secondary_microphone/si_et_2/c3g/c3gc020f
/secondary_microphone/si_et_2/c3g/c3gc020g
/secondary_microphone/si_et_2/c3g/c3gc020h
/secondary_microphone/si_et_2/c3g/c3gc020i
/secondary_microphone/si_et_2/c3g/c3gc020j
/secondary_microphone/si_et_2/c3g/c3gc020k
/secondary_microphone/si_et_2/c3g/c3gc020l
/secondary_microphone/si_et_2/c3g/c3gc020m
/secondary_microphone/si_et_2/c3g/c3gc020n
/secondary_microphone/si_et_2/c3g/c3gc020o
/secondary_microphone/si_et_2/c3g/c3gc020p
/secondary_microphone/si_et_2/c3g/c3gc020q
/secondary_microphone/si_et_2/c3g/c3gc020r
/secondary_microphone/si_et_2/c3g/c3gc020s
/secondary_microphone/si_et_2/c3g/c3gc020t
/secondary_microphone/si_et_2/c3g/c3gc020u
/secondary_microphone/si_et_2/c3g/c3gc020v
/secondary_microphone/si_et_2/c3g/c3gc020w
/secondary_microphone/si_et_2/c3g/c3gc020x
/secondary_microphone/si_et_2/c3g/c3gc020y
/secondary_microphone/si_et_2/c3g/c3gc020z
/secondary_microphone/si_et_2/c3g/c3gc0210
/secondary_microphone/si_et_2/c3g/c3gc0211
/secondary_microphone/si_et_2/c3g/c3gc0212
/secondary_microphone/si_et_2/c3g/c3gc0213
/secondary_microphone/si_et_2/c3g/c3gc0214
/secondary_microphone/si_et_2/c3i/c3ic0201
/secondary_microphone/si_et_2/c3i/c3ic0202
/secondary_microphone/si_et_2/c3i/c3ic0203
/secondary_microphone/si_et_2/c3i/c3ic0204
/secondary_microphone/si_et_2/c3i/c3ic0205
/secondary_microphone/si_et_2/c3i/c3ic0206
/secondary_microphone/si_et_2/c3i/c3ic0207
/secondary_microphone/si_et_2/c3i/c3ic0208
/secondary_microphone/si_et_2/c3i/c3ic0209
/secondary_microphone/si_et_2/c3i/c3ic020a
/secondary_microphone/si_et_2/c3i/c3ic020b
/secondary_microphone/si_et_2/c3i/c3ic020c
/secondary_microphone/si_et_2/c3i/c3ic020d
/secondary_microphone/si_et_2/c3i/c3ic020e
/secondary_microphone/si_et_2/c3i/c3ic020f
/secondary_microphone/si_et_2/c3i/c3ic020g
/secondary_microphone/si_et_2/c3i/c3ic020h
/secondary_microphone/si_et_2/c3i/c3ic020i
/secondary_microphone/si_et_2/c3i/c3ic020j
/secondary_microphone/si_et_2/c3i/c3ic020k
/secondary_microphone/si_et_2/c3i/c3ic020l
/secondary_microphone/si_et_2/c3i/c3ic020m
/secondary_microphone/si_et_2/c3i/c3ic020n
/secondary_microphone/si_et_2/c3i/c3ic020o
/secondary_microphone/si_et_2/c3i/c3ic020p
/secondary_microphone/si_et_2/c3i/c3ic020q
/secondary_microphone/si_et_2/c3i/c3ic020r
/secondary_microphone/si_et_2/c3i/c3ic020s
/secondary_microphone/si_et_2/c3i/c3ic020t
/secondary_microphone/si_et_2/c3i/c3ic020u
/secondary_microphone/si_et_2/c3i/c3ic020v
/secondary_microphone/si_et_2/c3i/c3ic020w
/secondary_microphone/si_et_2/c3i/c3ic020x
/secondary_microphone/si_et_2/c3i/c3ic020y
/secondary_microphone/si_et_2/c3i/c3ic020z
/secondary_microphone/si_et_2/c3i/c3ic0210
/secondary_microphone/si_et_2/c3i/c3ic0211
/secondary_microphone/si_et_2/c3i/c3ic0212
/secondary_microphone/si_et_2/c3i/c3ic0213
/secondary_microphone/si_et_2/c3m/c3mc0201
/secondary_microphone/si_et_2/c3m/c3mc0202
/secondary_microphone/si_et_2/c3m/c3mc0203
/secondary_microphone/si_et_2/c3m/c3mc0204
/secondary_microphone/si_et_2/c3m/c3mc0205
/secondary_microphone/si_et_2/c3m/c3mc0206
/secondary_microphone/si_et_2/c3m/c3mc0207
/secondary_microphone/si_et_2/c3m/c3mc0208
/secondary_microphone/si_et_2/c3m/c3mc0209
/secondary_microphone/si_et_2/c3m/c3mc020a
/secondary_microphone/si_et_2/c3m/c3mc020b
/secondary_microphone/si_et_2/c3m/c3mc020c
/secondary_microphone/si_et_2/c3m/c3mc020d
/secondary_microphone/si_et_2/c3m/c3mc020e
/secondary_microphone/si_et_2/c3m/c3mc020f
/secondary_microphone/si_et_2/c3m/c3mc020g
/secondary_microphone/si_et_2/c3m/c3mc020h
/secondary_microphone/si_et_2/c3m/c3mc020i
/secondary_microphone/si_et_2/c3m/c3mc020j
/secondary_microphone/si_et_2/c3m/c3mc020k
/secondary_microphone/si_et_2/c3m/c3mc020l
/secondary_microphone/si_et_2/c3m/c3mc020m
/secondary_microphone/si_et_2/c3m/c3mc020n
/secondary_microphone/si_et_2/c3m/c3mc020o
/secondary_microphone/si_et_2/c3m/c3mc020p
/secondary_microphone/si_et_2/c3m/c3mc020q
/secondary_microphone/si_et_2/c3m/c3mc020r
/secondary_microphone/si_et_2/c3m/c3mc020s
/secondary_microphone/si_et_2/c3m/c3mc020t
/secondary_microphone/si_et_2/c3m/c3mc020u
/secondary_microphone/si_et_2/c3m/c3mc020v
/secondary_microphone/si_et_2/c3m/c3mc020w
/secondary_microphone/si_et_2/c3m/c3mc020x
/secondary_microphone/si_et_2/c3m/c3mc020y
/secondary_microphone/si_et_2/c3m/c3mc020z
/secondary_microphone/si_et_2/c3m/c3mc0210
/secondary_microphone/si_et_2/c3m/c3mc0211
/secondary_microphone/si_et_2/c3m/c3mc0212
/secondary_microphone/si_et_2/c3m/c3mc0213
/secondary_microphone/si_et_2/c3m/c3mc0214
/secondary_microphone/si_et_2/c3n/c3nc0201
/secondary_microphone/si_et_2/c3n/c3nc0202
/secondary_microphone/si_et_2/c3n/c3nc0203
/secondary_microphone/si_et_2/c3n/c3nc0204
/secondary_microphone/si_et_2/c3n/c3nc0205
/secondary_microphone/si_et_2/c3n/c3nc0206
/secondary_microphone/si_et_2/c3n/c3nc0207
/secondary_microphone/si_et_2/c3n/c3nc0208
/secondary_microphone/si_et_2/c3n/c3nc0209
/secondary_microphone/si_et_2/c3n/c3nc020a
/secondary_microphone/si_et_2/c3n/c3nc020b
/secondary_microphone/si_et_2/c3n/c3nc020c
/secondary_microphone/si_et_2/c3n/c3nc020d
/secondary_microphone/si_et_2/c3n/c3nc020e
/secondary_microphone/si_et_2/c3n/c3nc020f
/secondary_microphone/si_et_2/c3n/c3nc020g
/secondary_microphone/si_et_2/c3n/c3nc020h
/secondary_microphone/si_et_2/c3n/c3nc020i
/secondary_microphone/si_et_2/c3n/c3nc020j
/secondary_microphone/si_et_2/c3n/c3nc020k
/secondary_microphone/si_et_2/c3n/c3nc020l
/secondary_microphone/si_et_2/c3n/c3nc020m
/secondary_microphone/si_et_2/c3n/c3nc020n
/secondary_microphone/si_et_2/c3n/c3nc020o
/secondary_microphone/si_et_2/c3n/c3nc020p
/secondary_microphone/si_et_2/c3n/c3nc020q
/secondary_microphone/si_et_2/c3n/c3nc020r
/secondary_microphone/si_et_2/c3n/c3nc020s
/secondary_microphone/si_et_2/c3n/c3nc020t
/secondary_microphone/si_et_2/c3n/c3nc020u
/secondary_microphone/si_et_2/c3n/c3nc020v
/secondary_microphone/si_et_2/c3n/c3nc020w
/secondary_microphone/si_et_2/c3n/c3nc020x
/secondary_microphone/si_et_2/c3n/c3nc020y
/secondary_microphone/si_et_2/c3n/c3nc020z
/secondary_microphone/si_et_2/c3n/c3nc0210
/secondary_microphone/si_et_2/c3n/c3nc0211
/secondary_microphone/si_et_2/c3n/c3nc0212
/secondary_microphone/si_et_2/c3n/c3nc0213
/secondary_microphone/si_et_2/c3u/c3uc0201
/secondary_microphone/si_et_2/c3u/c3uc0202
/secondary_microphone/si_et_2/c3u/c3uc0203
/secondary_microphone/si_et_2/c3u/c3uc0204
/secondary_microphone/si_et_2/c3u/c3uc0205
/secondary_microphone/si_et_2/c3u/c3uc0206
/secondary_microphone/si_et_2/c3u/c3uc0207
/secondary_microphone/si_et_2/c3u/c3uc0208
/secondary_microphone/si_et_2/c3u/c3uc0209
/secondary_microphone/si_et_2/c3u/c3uc020a
/secondary_microphone/si_et_2/c3u/c3uc020b
/secondary_microphone/si_et_2/c3u/c3uc020c
/secondary_microphone/si_et_2/c3u/c3uc020d
/secondary_microphone/si_et_2/c3u/c3uc020e
/secondary_microphone/si_et_2/c3u/c3uc020f
/secondary_microphone/si_et_2/c3u/c3uc020g
/secondary_microphone/si_et_2/c3u/c3uc020h
/secondary_microphone/si_et_2/c3u/c3uc020i
/secondary_microphone/si_et_2/c3u/c3uc020j
/secondary_microphone/si_et_2/c3u/c3uc020k
/secondary_microphone/si_et_2/c3u/c3uc020l
/secondary_microphone/si_et_2/c3u/c3uc020m
/secondary_microphone/si_et_2/c3u/c3uc020n
/secondary_microphone/si_et_2/c3u/c3uc020o
/secondary_microphone/si_et_2/c3u/c3uc020p
/secondary_microphone/si_et_2/c3u/c3uc020q
/secondary_microphone/si_et_2/c3u/c3uc020r
/secondary_microphone/si_et_2/c3u/c3uc020s
/secondary_microphone/si_et_2/c3u/c3uc020t
/secondary_microphone/si_et_2/c3u/c3uc020u
/secondary_microphone/si_et_2/c3u/c3uc020v
/secondary_microphone/si_et_2/c3u/c3uc020w
/secondary_microphone/si_et_2/c3u/c3uc020x
/secondary_microphone/si_et_2/c3u/c3uc020y
/secondary_microphone/si_et_2/c3u/c3uc020z
/secondary_microphone/si_et_2/c3u/c3uc0210
/secondary_microphone/si_et_2/c3u/c3uc0211
/secondary_microphone/si_et_2/c3u/c3uc0212
/secondary_microphone/si_et_2/c3u/c3uc0213
/secondary_microphone/si_et_2/c3u/c3uc0214
/secondary_microphone/si_et_2/c3v/c3vc0201
/secondary_microphone/si_et_2/c3v/c3vc0202
/secondary_microphone/si_et_2/c3v/c3vc0203
/secondary_microphone/si_et_2/c3v/c3vc0204
/secondary_microphone/si_et_2/c3v/c3vc0205
/secondary_microphone/si_et_2/c3v/c3vc0206
/secondary_microphone/si_et_2/c3v/c3vc0207
/secondary_microphone/si_et_2/c3v/c3vc0208
/secondary_microphone/si_et_2/c3v/c3vc0209
/secondary_microphone/si_et_2/c3v/c3vc020a
/secondary_microphone/si_et_2/c3v/c3vc020b
/secondary_microphone/si_et_2/c3v/c3vc020c
/secondary_microphone/si_et_2/c3v/c3vc020d
/secondary_microphone/si_et_2/c3v/c3vc020e
/secondary_microphone/si_et_2/c3v/c3vc020f
/secondary_microphone/si_et_2/c3v/c3vc020g
/secondary_microphone/si_et_2/c3v/c3vc020h
/secondary_microphone/si_et_2/c3v/c3vc020i
/secondary_microphone/si_et_2/c3v/c3vc020j
/secondary_microphone/si_et_2/c3v/c3vc020k
/secondary_microphone/si_et_2/c3v/c3vc020l
/secondary_microphone/si_et_2/c3v/c3vc020m
/secondary_microphone/si_et_2/c3v/c3vc020n
/secondary_microphone/si_et_2/c3v/c3vc020o
/secondary_microphone/si_et_2/c3v/c3vc020p
/secondary_microphone/si_et_2/c3v/c3vc020q
/secondary_microphone/si_et_2/c3v/c3vc020r
/secondary_microphone/si_et_2/c3v/c3vc020s
/secondary_microphone/si_et_2/c3v/c3vc020t
/secondary_microphone/si_et_2/c3v/c3vc020u
/secondary_microphone/si_et_2/c3v/c3vc020v
/secondary_microphone/si_et_2/c3v/c3vc020w
/secondary_microphone/si_et_2/c3v/c3vc020x
/secondary_microphone/si_et_2/c3v/c3vc020y
/secondary_microphone/si_et_2/c3v/c3vc020z
/secondary_microphone/si_et_2/c3v/c3vc0210
/secondary_microphone/si_et_2/c3v/c3vc0211
/secondary_microphone/si_et_2/c3v/c3vc0212
/secondary_microphone/si_et_2/c3v/c3vc0213
/secondary_microphone/si_et_2/c3v/c3vc0214
/secondary_microphone/si_et_2/c3x/c3xc0201
/secondary_microphone/si_et_2/c3x/c3xc0202
/secondary_microphone/si_et_2/c3x/c3xc0203
/secondary_microphone/si_et_2/c3x/c3xc0204
/secondary_microphone/si_et_2/c3x/c3xc0205
/secondary_microphone/si_et_2/c3x/c3xc0206
/secondary_microphone/si_et_2/c3x/c3xc0207
/secondary_microphone/si_et_2/c3x/c3xc0208
/secondary_microphone/si_et_2/c3x/c3xc0209
/secondary_microphone/si_et_2/c3x/c3xc020a
/secondary_microphone/si_et_2/c3x/c3xc020b
/secondary_microphone/si_et_2/c3x/c3xc020c
/secondary_microphone/si_et_2/c3x/c3xc020d
/secondary_microphone/si_et_2/c3x/c3xc020e
/secondary_microphone/si_et_2/c3x/c3xc020f
/secondary_microphone/si_et_2/c3x/c3xc020g
/secondary_microphone/si_et_2/c3x/c3xc020h
/secondary_microphone/si_et_2/c3x/c3xc020i
/secondary_microphone/si_et_2/c3x/c3xc020j
/secondary_microphone/si_et_2/c3x/c3xc020k
/secondary_microphone/si_et_2/c3x/c3xc020l
/secondary_microphone/si_et_2/c3x/c3xc020m
/secondary_microphone/si_et_2/c3x/c3xc020n
/secondary_microphone/si_et_2/c3x/c3xc020o
/secondary_microphone/si_et_2/c3x/c3xc020p
/secondary_microphone/si_et_2/c3x/c3xc020q
/secondary_microphone/si_et_2/c3x/c3xc020r
/secondary_microphone/si_et_2/c3x/c3xc020s
/secondary_microphone/si_et_2/c3x/c3xc020t
/secondary_microphone/si_et_2/c3x/c3xc020u
/secondary_microphone/si_et_2/c3x/c3xc020v
/secondary_microphone/si_et_2/c3x/c3xc020w
/secondary_microphone/si_et_2/c3x/c3xc020x
/secondary_microphone/si_et_2/c3x/c3xc020y
/secondary_microphone/si_et_2/c3x/c3xc020z
/secondary_microphone/si_et_2/c3x/c3xc0210
/secondary_microphone/si_et_2/c3x/c3xc0211
/secondary_microphone/si_et_2/c3x/c3xc0212
/secondary_microphone/si_et_2/c3x/c3xc0213
/secondary_microphone/si_et_2/c3x/c3xc0214
/secondary_microphone/si_et_2/c43/c43c0201
/secondary_microphone/si_et_2/c43/c43c0202
/secondary_microphone/si_et_2/c43/c43c0203
/secondary_microphone/si_et_2/c43/c43c0204
/secondary_microphone/si_et_2/c43/c43c0205
/secondary_microphone/si_et_2/c43/c43c0206
/secondary_microphone/si_et_2/c43/c43c0207
/secondary_microphone/si_et_2/c43/c43c0208
/secondary_microphone/si_et_2/c43/c43c0209
/secondary_microphone/si_et_2/c43/c43c020a
/secondary_microphone/si_et_2/c43/c43c020b
/secondary_microphone/si_et_2/c43/c43c020c
/secondary_microphone/si_et_2/c43/c43c020d
/secondary_microphone/si_et_2/c43/c43c020e
/secondary_microphone/si_et_2/c43/c43c020f
/secondary_microphone/si_et_2/c43/c43c020g
/secondary_microphone/si_et_2/c43/c43c020h
/secondary_microphone/si_et_2/c43/c43c020i
/secondary_microphone/si_et_2/c43/c43c020j
/secondary_microphone/si_et_2/c43/c43c020k
/secondary_microphone/si_et_2/c43/c43c020l
/secondary_microphone/si_et_2/c43/c43c020m
/secondary_microphone/si_et_2/c43/c43c020n
/secondary_microphone/si_et_2/c43/c43c020o
/secondary_microphone/si_et_2/c43/c43c020p
/secondary_microphone/si_et_2/c43/c43c020q
/secondary_microphone/si_et_2/c43/c43c020r
/secondary_microphone/si_et_2/c43/c43c020s
/secondary_microphone/si_et_2/c43/c43c020t
/secondary_microphone/si_et_2/c43/c43c020u
/secondary_microphone/si_et_2/c43/c43c020v
/secondary_microphone/si_et_2/c43/c43c020w
/secondary_microphone/si_et_2/c43/c43c020x
/secondary_microphone/si_et_2/c43/c43c020y
/secondary_microphone/si_et_2/c43/c43c020z
/secondary_microphone/si_et_2/c43/c43c0210
/secondary_microphone/si_et_2/c43/c43c0211
/secondary_microphone/si_et_2/c44/c44c0201
/secondary_microphone/si_et_2/c44/c44c0202
/secondary_microphone/si_et_2/c44/c44c0203
/secondary_microphone/si_et_2/c44/c44c0204
/secondary_microphone/si_et_2/c44/c44c0205
/secondary_microphone/si_et_2/c44/c44c0206
/secondary_microphone/si_et_2/c44/c44c0207
/secondary_microphone/si_et_2/c44/c44c0208
/secondary_microphone/si_et_2/c44/c44c0209
/secondary_microphone/si_et_2/c44/c44c020a
/secondary_microphone/si_et_2/c44/c44c020b
/secondary_microphone/si_et_2/c44/c44c020c
/secondary_microphone/si_et_2/c44/c44c020d
/secondary_microphone/si_et_2/c44/c44c020e
/secondary_microphone/si_et_2/c44/c44c020f
/secondary_microphone/si_et_2/c44/c44c020g
/secondary_microphone/si_et_2/c44/c44c020h
/secondary_microphone/si_et_2/c44/c44c020i
/secondary_microphone/si_et_2/c44/c44c020j
/secondary_microphone/si_et_2/c44/c44c020k
/secondary_microphone/si_et_2/c44/c44c020l
/secondary_microphone/si_et_2/c44/c44c020m
/secondary_microphone/si_et_2/c44/c44c020n
/secondary_microphone/si_et_2/c44/c44c020o
/secondary_microphone/si_et_2/c44/c44c020p
/secondary_microphone/si_et_2/c44/c44c020q
/secondary_microphone/si_et_2/c44/c44c020r
/secondary_microphone/si_et_2/c44/c44c020s
/secondary_microphone/si_et_2/c44/c44c020t
/secondary_microphone/si_et_2/c44/c44c020u
/secondary_microphone/si_et_2/c44/c44c020v
/secondary_microphone/si_et_2/c44/c44c020w
/secondary_microphone/si_et_2/c44/c44c020x
/secondary_microphone/si_et_2/c44/c44c020y
/secondary_microphone/si_et_2/c44/c44c020z
/secondary_microphone/si_et_2/c44/c44c0210
/secondary_microphone/si_et_2/c44/c44c0211
/secondary_microphone/si_et_2/c44/c44c0212
/secondary_microphone/si_et_2/c44/c44c0213
/secondary_microphone/si_et_2/c47/c47c0201
/secondary_microphone/si_et_2/c47/c47c0202
/secondary_microphone/si_et_2/c47/c47c0203
/secondary_microphone/si_et_2/c47/c47c0204
/secondary_microphone/si_et_2/c47/c47c0205
/secondary_microphone/si_et_2/c47/c47c0206
/secondary_microphone/si_et_2/c47/c47c0207
/secondary_microphone/si_et_2/c47/c47c0208
/secondary_microphone/si_et_2/c47/c47c0209
/secondary_microphone/si_et_2/c47/c47c020a
/secondary_microphone/si_et_2/c47/c47c020b
/secondary_microphone/si_et_2/c47/c47c020c
/secondary_microphone/si_et_2/c47/c47c020d
/secondary_microphone/si_et_2/c47/c47c020e
/secondary_microphone/si_et_2/c47/c47c020f
/secondary_microphone/si_et_2/c47/c47c020g
/secondary_microphone/si_et_2/c47/c47c020h
/secondary_microphone/si_et_2/c47/c47c020i
/secondary_microphone/si_et_2/c47/c47c020j
/secondary_microphone/si_et_2/c47/c47c020k
/secondary_microphone/si_et_2/c47/c47c020l
/secondary_microphone/si_et_2/c47/c47c020m
/secondary_microphone/si_et_2/c47/c47c020n
/secondary_microphone/si_et_2/c47/c47c020o
/secondary_microphone/si_et_2/c47/c47c020p
/secondary_microphone/si_et_2/c47/c47c020q
/secondary_microphone/si_et_2/c47/c47c020r
/secondary_microphone/si_et_2/c47/c47c020s
/secondary_microphone/si_et_2/c47/c47c020t
/secondary_microphone/si_et_2/c47/c47c020u
/secondary_microphone/si_et_2/c47/c47c020v
/secondary_microphone/si_et_2/c47/c47c020w
/secondary_microphone/si_et_2/c47/c47c020x
/secondary_microphone/si_et_2/c47/c47c020y
/secondary_microphone/si_et_2/c47/c47c020z
/secondary_microphone/si_et_2/c47/c47c0210
/secondary_microphone/si_et_2/c47/c47c0211
/secondary_microphone/si_et_2/c47/c47c0212
/secondary_microphone/si_et_2/c47/c47c0213
/secondary_microphone/si_et_2/c47/c47c0214
/secondary_microphone/si_et_2/c4b/c4bc0201
/secondary_microphone/si_et_2/c4b/c4bc0202
/secondary_microphone/si_et_2/c4b/c4bc0203
/secondary_microphone/si_et_2/c4b/c4bc0204
/secondary_microphone/si_et_2/c4b/c4bc0205
/secondary_microphone/si_et_2/c4b/c4bc0206
/secondary_microphone/si_et_2/c4b/c4bc0207
/secondary_microphone/si_et_2/c4b/c4bc0208
/secondary_microphone/si_et_2/c4b/c4bc0209
/secondary_microphone/si_et_2/c4b/c4bc020a
/secondary_microphone/si_et_2/c4b/c4bc020b
/secondary_microphone/si_et_2/c4b/c4bc020c
/secondary_microphone/si_et_2/c4b/c4bc020d
/secondary_microphone/si_et_2/c4b/c4bc020e
/secondary_microphone/si_et_2/c4b/c4bc020f
/secondary_microphone/si_et_2/c4b/c4bc020g
/secondary_microphone/si_et_2/c4b/c4bc020h
/secondary_microphone/si_et_2/c4b/c4bc020i
/secondary_microphone/si_et_2/c4b/c4bc020j
/secondary_microphone/si_et_2/c4b/c4bc020k
/secondary_microphone/si_et_2/c4b/c4bc020l
/secondary_microphone/si_et_2/c4b/c4bc020m
/secondary_microphone/si_et_2/c4b/c4bc020n
/secondary_microphone/si_et_2/c4b/c4bc020o
/secondary_microphone/si_et_2/c4b/c4bc020p
/secondary_microphone/si_et_2/c4b/c4bc020q
/secondary_microphone/si_et_2/c4b/c4bc020r
/secondary_microphone/si_et_2/c4b/c4bc020s
/secondary_microphone/si_et_2/c4b/c4bc020t
/secondary_microphone/si_et_2/c4b/c4bc020u
/secondary_microphone/si_et_2/c4b/c4bc020v
/secondary_microphone/si_et_2/c4b/c4bc020w
/secondary_microphone/si_et_2/c4b/c4bc020x
/secondary_microphone/si_et_2/c4b/c4bc020y
/secondary_microphone/si_et_2/c4b/c4bc020z
/secondary_microphone/si_et_2/c4b/c4bc0210
/secondary_microphone/si_et_2/c4b/c4bc0211
/secondary_microphone/si_et_2/c4b/c4bc0212
/secondary_microphone/si_et_2/c4b/c4bc0213
/secondary_microphone/si_et_2/c4b/c4bc0214
